This is pdfTeX, Version 3.141592653-2.6-1.40.22 (TeX Live 2021/MacPorts 2021.58693_2) (preloaded format=pdflatex 2022.2.14)  10 APR 2022 14:12
entering extended mode
 restricted \write18 enabled.
 file:line:error style messages enabled.
 %&-line parsing enabled.
**/Users/shreiner/School/CS-385/Resources/Primer.tex
(/Users/shreiner/School/CS-385/Resources/Primer.tex
LaTeX2e <2020-10-01> patch level 4
L3 programming layer <2021-02-18> (/opt/local/share/texmf-texlive/tex/latex/base/article.cls
Document Class: article 2020/04/10 v1.4m Standard LaTeX document class
(/opt/local/share/texmf-texlive/tex/latex/base/size10.clo
File: size10.clo 2020/04/10 v1.4m Standard LaTeX file (size option)
)
\c@part=\count179
\c@section=\count180
\c@subsection=\count181
\c@subsubsection=\count182
\c@paragraph=\count183
\c@subparagraph=\count184
\c@figure=\count185
\c@table=\count186
\abovecaptionskip=\skip47
\belowcaptionskip=\skip48
\bibindent=\dimen138
) (/opt/local/share/texmf-texlive/tex/latex/tools/layout.sty
Package: layout 2014/10/28 v1.2c Show layout parameters
\oneinch=\count187
\cnt@paperwidth=\count188
\cnt@paperheight=\count189
\cnt@hoffset=\count190
\cnt@voffset=\count191
\cnt@textheight=\count192
\cnt@textwidth=\count193
\cnt@topmargin=\count194
\cnt@oddsidemargin=\count195
\cnt@evensidemargin=\count196
\cnt@headheight=\count197
\cnt@headsep=\count198
\cnt@marginparsep=\count199
\cnt@marginparwidth=\count266
\cnt@marginparpush=\count267
\cnt@footskip=\count268
\fheight=\count269
\ref@top=\count270
\ref@hoffset=\count271
\ref@voffset=\count272
\ref@head=\count273
\ref@body=\count274
\ref@foot=\count275
\ref@margin=\count276
\ref@marginwidth=\count277
\ref@marginpar=\count278
\Interval=\count279
\ExtraYPos=\count280
\PositionX=\count281
\PositionY=\count282
\ArrowLength=\count283
) (/opt/local/share/texmf-texlive/tex/latex/l3backend/l3backend-pdftex.def
File: l3backend-pdftex.def 2021-03-18 L3 backend support: PDF output (pdfTeX)
\l__color_backend_stack_int=\count284
\l__pdf_internal_box=\box47
) (./Primer.aux)
\openout1 = `Primer.aux'.

LaTeX Font Info:    Checking defaults for OML/cmm/m/it on input line 7.
LaTeX Font Info:    ... okay on input line 7.
LaTeX Font Info:    Checking defaults for OMS/cmsy/m/n on input line 7.
LaTeX Font Info:    ... okay on input line 7.
LaTeX Font Info:    Checking defaults for OT1/cmr/m/n on input line 7.
LaTeX Font Info:    ... okay on input line 7.
LaTeX Font Info:    Checking defaults for T1/cmr/m/n on input line 7.
LaTeX Font Info:    ... okay on input line 7.
LaTeX Font Info:    Checking defaults for TS1/cmr/m/n on input line 7.
LaTeX Font Info:    ... okay on input line 7.
LaTeX Font Info:    Checking defaults for OMX/cmex/m/n on input line 7.
LaTeX Font Info:    ... okay on input line 7.
LaTeX Font Info:    Checking defaults for U/cmr/m/n on input line 7.
LaTeX Font Info:    ... okay on input line 7.
LaTeX Font Info:    External font `cmex10' loaded for size
(Font)              <12> on input line 9.
LaTeX Font Info:    External font `cmex10' loaded for size
(Font)              <8> on input line 9.
LaTeX Font Info:    External font `cmex10' loaded for size
(Font)              <6> on input line 9.


LaTeX Warning: No \author given.

LaTeX Font Info:    External font `cmex10' loaded for size
(Font)              <7> on input line 15.
LaTeX Font Info:    External font `cmex10' loaded for size
(Font)              <5> on input line 15.
[1

{/opt/local/var/db/texmf/fonts/map/pdftex/updmap/pdftex.map}] (./Primer.aux) ) 
Here is how much of TeX's memory you used:
 489 strings out of 480954
 8248 string characters out of 5907459
 290005 words of memory out of 5000000
 17787 multiletter control sequences out of 15000+600000
 407416 words of font info for 40 fonts, out of 8000000 for 9000
 14 hyphenation exceptions out of 8191
 44i,8n,50p,582b,195s stack positions out of 5000i,500n,10000p,200000b,80000s
</opt/local/share/texmf-texlive/fonts/type1/public/amsfonts/cm/cmbx12.pfb></opt/local/share/texmf-texlive/fonts/type1/public/amsfonts/cm/cmr10.pfb></opt/local/share/texmf-texlive/fonts/type1/public/amsfonts/cm/cmr17.pfb></opt/local/share/texmf-texlive/fonts/type1/public/amsfonts/cm/cmr6.pfb></opt/local/share/texmf-texlive/fonts/type1/public/amsfonts/cm/cmr7.pfb></opt/local/share/texmf-texlive/fonts/type1/public/amsfonts/cm/cmr8.pfb></opt/local/share/texmf-texlive/fonts/type1/public/amsfonts/cm/cmti10.pfb>
Output written on Primer.pdf (1 page, 74664 bytes).
PDF statistics:
 36 PDF objects out of 1000 (max. 8388607)
 25 compressed objects within 1 object stream
 0 named destinations out of 1000 (max. 500000)
 1 words of extra memory for PDF output out of 10000 (max. 10000000)

